<?xml version="1.0" encoding="UTF-8"?>
<!-- Generated by org.testng.reporters.JUnitReportReporter -->
<testsuite skipped="0" hostname="DESK-1989" name="lcfFaces.B3_MDLD_Standalone" tests="1" failures="0" timestamp="19 Jul 2017 04:56:35 GMT" time="76.033" errors="0">
  <testcase name="MDLD_Standalone" time="76.033" classname="lcfFaces.B3_MDLD_Standalone"/>
</testsuite> <!-- lcfFaces.B3_MDLD_Standalone -->
