<?xml version="1.0" encoding="UTF-8"?>
<!-- Generated by org.testng.reporters.JUnitReportReporter -->
<testsuite skipped="0" hostname="DESK-1989" name="lcfFaces.B5_MDLD_SEM_Manda_md_ai" tests="1" failures="0" timestamp="19 Jul 2017 04:56:35 GMT" time="68.643" errors="0">
  <testcase name="MDLD_SEM_Manda_md_ai" time="68.643" classname="lcfFaces.B5_MDLD_SEM_Manda_md_ai"/>
</testsuite> <!-- lcfFaces.B5_MDLD_SEM_Manda_md_ai -->
