<?xml version="1.0" encoding="UTF-8"?>
<!-- Generated by org.testng.reporters.JUnitReportReporter -->
<testsuite skipped="0" hostname="DESK-1989" name="a1_Listing_Page.A04_Sort" tests="1" failures="0" timestamp="17 Jul 2017 07:39:33 GMT" time="28.547" errors="0">
  <testcase name="d01_SortOptions" time="28.547" classname="a1_Listing_Page.A04_Sort"/>
</testsuite> <!-- a1_Listing_Page.A04_Sort -->
