<?xml version="1.0" encoding="UTF-8"?>
<!-- Generated by org.testng.reporters.JUnitReportReporter -->
<testsuite skipped="0" hostname="DESK-1989" name="lcfFaces.B8_Cakeshops_LCF" tests="1" failures="0" timestamp="19 Jul 2017 04:56:35 GMT" time="58.121" errors="0">
  <testcase name="Cakeshops_LCF" time="58.121" classname="lcfFaces.B8_Cakeshops_LCF"/>
</testsuite> <!-- lcfFaces.B8_Cakeshops_LCF -->
