<?xml version="1.0" encoding="UTF-8"?>
<!-- Generated by org.testng.reporters.JUnitReportReporter -->
<testsuite skipped="0" hostname="DESK-1989" name="a1_Listing_Page.A01_Header" tests="4" failures="0" timestamp="17 Jul 2017 07:39:33 GMT" time="62.691" errors="0">
  <testcase name="a01_Cityfilter" time="6.137" classname="a1_Listing_Page.A01_Header"/>
  <testcase name="a02_Search" time="15.631" classname="a1_Listing_Page.A01_Header"/>
  <testcase name="a03_BusniessOwner_DownloadApp" time="15.193" classname="a1_Listing_Page.A01_Header"/>
  <testcase name="a04_Signin_SignOut" time="25.730" classname="a1_Listing_Page.A01_Header"/>
</testsuite> <!-- a1_Listing_Page.A01_Header -->
