<?xml version="1.0" encoding="UTF-8"?>
<!-- Generated by org.testng.reporters.JUnitReportReporter -->
<testsuite skipped="0" hostname="DESK-1989" name="a2_Profile_Page.A1_TopBlock" tests="4" failures="0" timestamp="05 Jul 2017 12:41:47 GMT" time="45.263" errors="0">
  <testcase name="a1_Breadcrumb" time="26.199" classname="a2_Profile_Page.A1_TopBlock"/>
  <testcase name="a2_VerifiedIcon" time="2.658" classname="a2_Profile_Page.A1_TopBlock"/>
  <testcase name="a3_PaidBadge" time="2.320" classname="a2_Profile_Page.A1_TopBlock"/>
  <testcase name="a4_OwnThisListing" time="14.086" classname="a2_Profile_Page.A1_TopBlock"/>
</testsuite> <!-- a2_Profile_Page.A1_TopBlock -->
