<?xml version="1.0" encoding="UTF-8"?>
<!-- Generated by org.testng.reporters.JUnitReportReporter -->
<testsuite skipped="0" hostname="DESK-1989" name="lcfFaces.A4_MDLD_Brand_locality_U2B" tests="1" failures="0" timestamp="19 Jul 2017 04:56:35 GMT" time="78.660" errors="0">
  <testcase name="MDLD_Brand_locality_U2B" time="78.660" classname="lcfFaces.A4_MDLD_Brand_locality_U2B"/>
</testsuite> <!-- lcfFaces.A4_MDLD_Brand_locality_U2B -->
