<?xml version="1.0" encoding="UTF-8"?>
<!-- Generated by org.testng.reporters.JUnitReportReporter -->
<testsuite skipped="0" hostname="DESK-1989" name="lcfFaces.B2_MDLD_PaidProfile_GetQuote" tests="1" failures="0" timestamp="19 Jul 2017 04:56:35 GMT" time="64.413" errors="0">
  <testcase name="MDLD_PaidProfile_GetQuote" time="64.413" classname="lcfFaces.B2_MDLD_PaidProfile_GetQuote"/>
</testsuite> <!-- lcfFaces.B2_MDLD_PaidProfile_GetQuote -->
