<?xml version="1.0" encoding="UTF-8"?>
<!-- Generated by org.testng.reporters.JUnitReportReporter -->
<testsuite skipped="0" hostname="DESK-1989" name="a2_Profile_Page.B1_TopBlock" tests="4" failures="0" timestamp="17 Jul 2017 07:39:33 GMT" time="64.678" errors="0">
  <testcase name="a1_Breadcrumb" time="30.870" classname="a2_Profile_Page.B1_TopBlock"/>
  <testcase name="a2_VerifiedIcon" time="2.488" classname="a2_Profile_Page.B1_TopBlock"/>
  <testcase name="a3_PaidBadge" time="3.492" classname="a2_Profile_Page.B1_TopBlock"/>
  <testcase name="a4_OwnThisListing" time="27.828" classname="a2_Profile_Page.B1_TopBlock"/>
</testsuite> <!-- a2_Profile_Page.B1_TopBlock -->
