<?xml version="1.0" encoding="UTF-8"?>
<!-- Generated by org.testng.reporters.JUnitReportReporter -->
<testsuite skipped="0" hostname="DESK-1989" name="lcfFaces.A9_MDLD_Need_page" tests="1" failures="0" timestamp="19 Jul 2017 04:56:35 GMT" time="57.730" errors="0">
  <testcase name="MDLD_Need_page" time="57.730" classname="lcfFaces.A9_MDLD_Need_page"/>
</testsuite> <!-- lcfFaces.A9_MDLD_Need_page -->
