<?xml version="1.0" encoding="UTF-8"?>
<!-- Generated by org.testng.reporters.JUnitReportReporter -->
<testsuite skipped="0" hostname="DESK-1989" name="lcfFaces.B7_MDLD_DateSelectionLCF" tests="1" failures="0" timestamp="19 Jul 2017 04:56:35 GMT" time="63.357" errors="0">
  <testcase name="MDLD_DateSelectionLCF" time="63.357" classname="lcfFaces.B7_MDLD_DateSelectionLCF"/>
</testsuite> <!-- lcfFaces.B7_MDLD_DateSelectionLCF -->
