<?xml version="1.0" encoding="UTF-8"?>
<!-- Generated by org.testng.reporters.JUnitReportReporter -->
<testsuite skipped="0" hostname="DESK-1989" name="a2_Profile_Page.B3_MiddleBlock" tests="6" failures="0" timestamp="17 Jul 2017 07:39:33 GMT" time="79.506" errors="0">
  <testcase name="c1_ServiceOfferMoreLink" time="5.384" classname="a2_Profile_Page.B3_MiddleBlock"/>
  <testcase name="c2_AboutMoreLink" time="3.768" classname="a2_Profile_Page.B3_MiddleBlock"/>
  <testcase name="c3_ReviewPagination" time="7.740" classname="a2_Profile_Page.B3_MiddleBlock"/>
  <testcase name="c4_WriteReviews" time="27.418" classname="a2_Profile_Page.B3_MiddleBlock"/>
  <testcase name="c5_ReviewMoreLesslink" time="28.675" classname="a2_Profile_Page.B3_MiddleBlock"/>
  <testcase name="c6_ReviewMoreLesslink" time="6.521" classname="a2_Profile_Page.B3_MiddleBlock"/>
</testsuite> <!-- a2_Profile_Page.B3_MiddleBlock -->
