<?xml version="1.0" encoding="UTF-8"?>
<!-- Generated by org.testng.reporters.JUnitReportReporter -->
<testsuite skipped="0" hostname="DESK-1989" name="lcfFaces.B4_MDLD_SEM_Page" tests="1" failures="0" timestamp="19 Jul 2017 04:56:35 GMT" time="53.382" errors="0">
  <testcase name="MDLD_SEM_Page" time="53.382" classname="lcfFaces.B4_MDLD_SEM_Page"/>
</testsuite> <!-- lcfFaces.B4_MDLD_SEM_Page -->
