<?xml version="1.0" encoding="UTF-8"?>
<!-- Generated by org.testng.reporters.JUnitReportReporter -->
<testsuite skipped="0" hostname="DESK-1989" name="a1_Listing_Page.A08_ReviewBlock" tests="3" failures="0" timestamp="17 Jul 2017 07:39:33 GMT" time="16.715" errors="0">
  <testcase name="h01_ReviewPagination" time="6.901" classname="a1_Listing_Page.A08_ReviewBlock"/>
  <testcase name="h02_ReviewHelpful" time="3.039" classname="a1_Listing_Page.A08_ReviewBlock"/>
  <testcase name="h03_ReviewMoreLink" time="6.775" classname="a1_Listing_Page.A08_ReviewBlock"/>
</testsuite> <!-- a1_Listing_Page.A08_ReviewBlock -->
