<?xml version="1.0" encoding="UTF-8"?>
<!-- Generated by org.testng.reporters.JUnitReportReporter -->
<testsuite skipped="0" hostname="DESK-1989" name="a2_Profile_Page.B5_BelowBlock" tests="6" failures="0" timestamp="17 Jul 2017 07:39:33 GMT" time="47.785" errors="0">
  <testcase name="e1_ProceedLink" time="4.936" classname="a2_Profile_Page.B5_BelowBlock"/>
  <testcase name="e2_FindOtherGetquoteLink" time="9.779" classname="a2_Profile_Page.B5_BelowBlock"/>
  <testcase name="e3_FindOtherProfileLink" time="13.568" classname="a2_Profile_Page.B5_BelowBlock"/>
  <testcase name="e04_QuickLinks" time="6.281" classname="a2_Profile_Page.B5_BelowBlock"/>
  <testcase name="e05_ByLocality" time="6.521" classname="a2_Profile_Page.B5_BelowBlock"/>
  <testcase name="e6_ByCity" time="6.700" classname="a2_Profile_Page.B5_BelowBlock"/>
</testsuite> <!-- a2_Profile_Page.B5_BelowBlock -->
