<?xml version="1.0" encoding="UTF-8"?>
<!-- Generated by org.testng.reporters.JUnitReportReporter -->
<testsuite skipped="0" hostname="DESK-1989" name="a1_Listing_Page.A02_TopBlocks" tests="3" failures="0" timestamp="17 Jul 2017 07:39:33 GMT" time="33.543" errors="0">
  <testcase name="b01_Breadcrumb_Link" time="13.781" classname="a1_Listing_Page.A02_TopBlocks"/>
  <testcase name="b02_TnC_LCForm" time="10.733" classname="a1_Listing_Page.A02_TopBlocks"/>
  <testcase name="b03_BusinessReviewTab" time="9.029" classname="a1_Listing_Page.A02_TopBlocks"/>
</testsuite> <!-- a1_Listing_Page.A02_TopBlocks -->
