<?xml version="1.0" encoding="UTF-8"?>
<!-- Generated by org.testng.reporters.JUnitReportReporter -->
<testsuite skipped="0" hostname="DESK-1989" name="a2_Profile_Page.A2_LeftBlock" tests="8" failures="0" timestamp="06 Jul 2017 07:13:40 GMT" time="55.180" errors="0">
  <testcase name="b1_ReviewLink" time="2.077" classname="a2_Profile_Page.A2_LeftBlock"/>
  <testcase name="b2_TnClink" time="3.153" classname="a2_Profile_Page.A2_LeftBlock"/>
  <testcase name="b3_GetDirection" time="4.012" classname="a2_Profile_Page.A2_LeftBlock"/>
  <testcase name="b4_WebSiteLink" time="5.700" classname="a2_Profile_Page.A2_LeftBlock"/>
  <testcase name="b5_ReportError" time="13.131" classname="a2_Profile_Page.A2_LeftBlock"/>
  <testcase name="b6_ReportComplaint" time="9.320" classname="a2_Profile_Page.A2_LeftBlock"/>
  <testcase name="b7_PhotoLink" time="6.818" classname="a2_Profile_Page.A2_LeftBlock"/>
  <testcase name="b8_AlsoListed" time="10.969" classname="a2_Profile_Page.A2_LeftBlock"/>
</testsuite> <!-- a2_Profile_Page.A2_LeftBlock -->
