<?xml version="1.0" encoding="UTF-8"?>
<!-- Generated by org.testng.reporters.JUnitReportReporter -->
<testsuite skipped="0" hostname="DESK-1989" name="a1_Listing_Page.A06a_Listing_Tuple" tests="6" failures="0" timestamp="17 Jul 2017 07:39:33 GMT" time="58.176" errors="0">
  <testcase name="f08_Photolink" time="7.539" classname="a1_Listing_Page.A06a_Listing_Tuple"/>
  <testcase name="f09_SavetoPhone" time="14.317" classname="a1_Listing_Page.A06a_Listing_Tuple"/>
  <testcase name="f10_SENDSMS" time="13.144" classname="a1_Listing_Page.A06a_Listing_Tuple"/>
  <testcase name="f11_GetQuote" time="9.016" classname="a1_Listing_Page.A06a_Listing_Tuple"/>
  <testcase name="f12_GetDirection" time="9.969" classname="a1_Listing_Page.A06a_Listing_Tuple"/>
  <testcase name="f13_ViewReview" time="4.191" classname="a1_Listing_Page.A06a_Listing_Tuple"/>
</testsuite> <!-- a1_Listing_Page.A06a_Listing_Tuple -->
