<?xml version="1.0" encoding="UTF-8"?>
<!-- Generated by org.testng.reporters.JUnitReportReporter -->
<testsuite skipped="0" hostname="DESK-1989" name="a1_Listing_Page.A06_Listing_Tuple" tests="7" failures="0" timestamp="17 Jul 2017 07:39:33 GMT" time="42.198" errors="0">
  <testcase name="f01_ProfileLink" time="8.120" classname="a1_Listing_Page.A06_Listing_Tuple"/>
  <testcase name="f02_Verifytickmark" time="1.504" classname="a1_Listing_Page.A06_Listing_Tuple"/>
  <testcase name="f03_PaidBadge" time="1.863" classname="a1_Listing_Page.A06_Listing_Tuple"/>
  <testcase name="f04_ReviewListingtoProfile" time="12.331" classname="a1_Listing_Page.A06_Listing_Tuple"/>
  <testcase name="f05_ScoreListingtoProfile" time="4.512" classname="a1_Listing_Page.A06_Listing_Tuple"/>
  <testcase name="f06_TnCLink" time="8.437" classname="a1_Listing_Page.A06_Listing_Tuple"/>
  <testcase name="f07_AboutMoreLessLink" time="5.431" classname="a1_Listing_Page.A06_Listing_Tuple"/>
</testsuite> <!-- a1_Listing_Page.A06_Listing_Tuple -->
