<?xml version="1.0" encoding="UTF-8"?>
<!-- Generated by org.testng.reporters.JUnitReportReporter -->
<testsuite skipped="0" hostname="DESK-1989" name="lcfFaces.A7_MDLD_B2U_Locality_LCF" tests="1" failures="0" timestamp="19 Jul 2017 04:56:35 GMT" time="66.344" errors="0">
  <testcase name="MDLD_B2U_Locality_LCF" time="66.344" classname="lcfFaces.A7_MDLD_B2U_Locality_LCF"/>
</testsuite> <!-- lcfFaces.A7_MDLD_B2U_Locality_LCF -->
