<?xml version="1.0" encoding="UTF-8"?>
<!-- Generated by org.testng.reporters.JUnitReportReporter -->
<testsuite skipped="0" hostname="DESK-1989" name="a1_Listing_Page.A11_GrandParentPage" tests="3" failures="0" timestamp="17 Jul 2017 07:39:33 GMT" time="28.126" errors="0">
  <testcase name="k01_CategoryLinks" time="10.023" classname="a1_Listing_Page.A11_GrandParentPage"/>
  <testcase name="k02_CityLinks" time="6.596" classname="a1_Listing_Page.A11_GrandParentPage"/>
  <testcase name="k03_LocalityLinks" time="11.507" classname="a1_Listing_Page.A11_GrandParentPage"/>
</testsuite> <!-- a1_Listing_Page.A11_GrandParentPage -->
