<?xml version="1.0" encoding="UTF-8"?>
<!-- Generated by org.testng.reporters.JUnitReportReporter -->
<testsuite skipped="0" hostname="DESK-1989" name="a1_Listing_Page.A12_GrandParentPage" tests="3" failures="0" timestamp="05 Jul 2017 09:11:25 GMT" time="30.182" errors="0">
  <testcase name="k01_CategoryLinks" time="10.609" classname="a1_Listing_Page.A12_GrandParentPage"/>
  <testcase name="k02_CityLinks" time="6.928" classname="a1_Listing_Page.A12_GrandParentPage"/>
  <testcase name="k03_LocalityLinks" time="12.645" classname="a1_Listing_Page.A12_GrandParentPage"/>
</testsuite> <!-- a1_Listing_Page.A12_GrandParentPage -->
