<?xml version="1.0" encoding="UTF-8"?>
<!-- Generated by org.testng.reporters.JUnitReportReporter -->
<testsuite skipped="0" hostname="DESK-1989" name="lcfFaces.C2_SearchLCF_AjexSelect" tests="1" failures="0" timestamp="19 Jul 2017 04:56:35 GMT" time="60.476" errors="0">
  <testcase name="SearchLCF_AjexSelect" time="60.476" classname="lcfFaces.C2_SearchLCF_AjexSelect"/>
</testsuite> <!-- lcfFaces.C2_SearchLCF_AjexSelect -->
