<?xml version="1.0" encoding="UTF-8"?>
<!-- Generated by org.testng.reporters.JUnitReportReporter -->
<testsuite skipped="0" hostname="DESK-1989" name="lcfFaces.A1_MDLD_with_Locality" tests="1" failures="0" timestamp="19 Jul 2017 04:56:35 GMT" time="77.114" errors="0">
  <testcase name="MDLD_with_Locality" time="77.114" classname="lcfFaces.A1_MDLD_with_Locality"/>
</testsuite> <!-- lcfFaces.A1_MDLD_with_Locality -->
