<?xml version="1.0" encoding="UTF-8"?>
<!-- Generated by org.testng.reporters.JUnitReportReporter -->
<testsuite skipped="0" hostname="DESK-1989" name="a1_Listing_Page.A05_Filter" tests="6" failures="0" timestamp="17 Jul 2017 07:39:33 GMT" time="44.893" errors="0">
  <testcase name="e01_FilterByAttribute" time="12.865" classname="a1_Listing_Page.A05_Filter"/>
  <testcase name="e02_FilterByLocality" time="5.930" classname="a1_Listing_Page.A05_Filter"/>
  <testcase name="e03_FilterByBrand" time="6.593" classname="a1_Listing_Page.A05_Filter"/>
  <testcase name="e04_FilterByCity" time="11.404" classname="a1_Listing_Page.A05_Filter"/>
  <testcase name="e05_AttributePageFilter" time="3.373" classname="a1_Listing_Page.A05_Filter"/>
  <testcase name="e06_FilterMoreLessLink" time="4.728" classname="a1_Listing_Page.A05_Filter"/>
</testsuite> <!-- a1_Listing_Page.A05_Filter -->
