<?xml version="1.0" encoding="UTF-8"?>
<!-- Generated by org.testng.reporters.JUnitReportReporter -->
<testsuite skipped="0" hostname="DESK-1989" name="lcfFaces.C3_AttributeType" tests="1" failures="0" timestamp="19 Jul 2017 09:54:29 GMT" time="121.755" errors="0">
  <testcase name="Need1AttributeType" time="121.755" classname="lcfFaces.C3_AttributeType"/>
</testsuite> <!-- lcfFaces.C3_AttributeType -->
