<?xml version="1.0" encoding="UTF-8"?>
<!-- Generated by org.testng.reporters.JUnitReportReporter -->
<testsuite skipped="0" hostname="DESK-1989" name="a1_Listing_Page.A07_Middle_block" tests="4" failures="0" timestamp="17 Jul 2017 07:39:33 GMT" time="34.517" errors="0">
  <testcase name="g01_Pagination" time="11.440" classname="a1_Listing_Page.A07_Middle_block"/>
  <testcase name="g02_HelpFeedback" time="7.646" classname="a1_Listing_Page.A07_Middle_block"/>
  <testcase name="g03_BacktoTop" time="4.284" classname="a1_Listing_Page.A07_Middle_block"/>
  <testcase name="g04_AddyourBusiness" time="11.147" classname="a1_Listing_Page.A07_Middle_block"/>
</testsuite> <!-- a1_Listing_Page.A07_Middle_block -->
