<?xml version="1.0" encoding="UTF-8"?>
<!-- Generated by org.testng.reporters.JUnitReportReporter -->
<testsuite skipped="0" hostname="DESK-1989" name="a2_Profile_Page.A3_MiddleBlock" tests="6" failures="0" timestamp="06 Jul 2017 09:28:05 GMT" time="79.838" errors="0">
  <testcase name="c1_ServiceOfferMoreLink" time="4.277" classname="a2_Profile_Page.A3_MiddleBlock"/>
  <testcase name="c2_AboutMoreLink" time="3.487" classname="a2_Profile_Page.A3_MiddleBlock"/>
  <testcase name="c3_ReviewPagination" time="7.872" classname="a2_Profile_Page.A3_MiddleBlock"/>
  <testcase name="c4_WriteReviews" time="23.720" classname="a2_Profile_Page.A3_MiddleBlock"/>
  <testcase name="c5_ReviewMoreLesslink" time="35.185" classname="a2_Profile_Page.A3_MiddleBlock"/>
  <testcase name="c6_ReviewMoreLesslink" time="5.297" classname="a2_Profile_Page.A3_MiddleBlock"/>
</testsuite> <!-- a2_Profile_Page.A3_MiddleBlock -->
