<?xml version="1.0" encoding="UTF-8"?>
<!-- Generated by org.testng.reporters.JUnitReportReporter -->
<testsuite skipped="0" hostname="DESK-1989" name="lcfFaces.B6_AdditionalInfo_Mand_Other" tests="1" failures="0" timestamp="19 Jul 2017 04:56:35 GMT" time="69.202" errors="0">
  <testcase name="AdditionalInfo_Mand_Other" time="69.202" classname="lcfFaces.B6_AdditionalInfo_Mand_Other"/>
</testsuite> <!-- lcfFaces.B6_AdditionalInfo_Mand_Other -->
