<?xml version="1.0" encoding="UTF-8"?>
<!-- Generated by org.testng.reporters.JUnitReportReporter -->
<testsuite skipped="0" hostname="DESK-1989" name="lcfFaces.B1_MDLD_FreeProfile_GetQuote" tests="1" failures="0" timestamp="19 Jul 2017 04:56:35 GMT" time="68.428" errors="0">
  <testcase name="MDLD_FreeProfile_GetQuote" time="68.428" classname="lcfFaces.B1_MDLD_FreeProfile_GetQuote"/>
</testsuite> <!-- lcfFaces.B1_MDLD_FreeProfile_GetQuote -->
