<?xml version="1.0" encoding="UTF-8"?>
<!-- Generated by org.testng.reporters.JUnitReportReporter -->
<testsuite skipped="0" hostname="DESK-1989" name="lcfFaces.A2_MDLD_attribute_page" tests="1" failures="0" timestamp="19 Jul 2017 04:56:35 GMT" time="61.498" errors="0">
  <testcase name="MDLD_attribute_page" time="61.498" classname="lcfFaces.A2_MDLD_attribute_page"/>
</testsuite> <!-- lcfFaces.A2_MDLD_attribute_page -->
