<?xml version="1.0" encoding="UTF-8"?>
<!-- Generated by org.testng.reporters.JUnitReportReporter -->
<testsuite skipped="0" hostname="DESK-1989" name="lcfFaces.A6_MDLD_Listing_GetQuote" tests="1" failures="0" timestamp="19 Jul 2017 04:56:35 GMT" time="89.239" errors="0">
  <testcase name="MDLD_Listing_GetQuote" time="89.239" classname="lcfFaces.A6_MDLD_Listing_GetQuote"/>
</testsuite> <!-- lcfFaces.A6_MDLD_Listing_GetQuote -->
