<?xml version="1.0" encoding="UTF-8"?>
<!-- Generated by org.testng.reporters.JUnitReportReporter -->
<testsuite skipped="0" hostname="DESK-1989" name="a1_Listing_Page.A10_BelowBlock" tests="6" failures="0" timestamp="17 Jul 2017 07:39:33 GMT" time="70.411" errors="0">
  <testcase name="j01_RecentEnquiries" time="5.858" classname="a1_Listing_Page.A10_BelowBlock"/>
  <testcase name="j02_Blogs" time="4.559" classname="a1_Listing_Page.A10_BelowBlock"/>
  <testcase name="j03_ViewBlogsReadMoreBlogs" time="33.165" classname="a1_Listing_Page.A10_BelowBlock"/>
  <testcase name="j04_FAQBlogs" time="6.366" classname="a1_Listing_Page.A10_BelowBlock"/>
  <testcase name="j05_FooterLinks" time="5.982" classname="a1_Listing_Page.A10_BelowBlock"/>
  <testcase name="j06_SocialMedia" time="14.481" classname="a1_Listing_Page.A10_BelowBlock"/>
</testsuite> <!-- a1_Listing_Page.A10_BelowBlock -->
