<?xml version="1.0" encoding="UTF-8"?>
<!-- Generated by org.testng.reporters.JUnitReportReporter -->
<testsuite skipped="0" hostname="DESK-1989" name="a1_Listing_Page.A03_Features_Block" tests="5" failures="0" timestamp="17 Jul 2017 07:39:33 GMT" time="54.292" errors="0">
  <testcase name="c01_Feature_ProfileLink" time="19.826" classname="a1_Listing_Page.A03_Features_Block"/>
  <testcase name="c02_Feature_ReviewLink" time="12.704" classname="a1_Listing_Page.A03_Features_Block"/>
  <testcase name="c03_Feature_SENDSMS" time="7.196" classname="a1_Listing_Page.A03_Features_Block"/>
  <testcase name="c04_GetQuote" time="6.716" classname="a1_Listing_Page.A03_Features_Block"/>
  <testcase name="c05_Photo" time="7.850" classname="a1_Listing_Page.A03_Features_Block"/>
</testsuite> <!-- a1_Listing_Page.A03_Features_Block -->
