<?xml version="1.0" encoding="UTF-8"?>
<!-- Generated by org.testng.reporters.JUnitReportReporter -->
<testsuite skipped="0" hostname="DESK-1989" name="lcfFaces.A3_MDLD_attribute_locality" tests="1" failures="0" timestamp="19 Jul 2017 04:56:35 GMT" time="54.658" errors="0">
  <testcase name="MDLD_attribute_locality" time="54.658" classname="lcfFaces.A3_MDLD_attribute_locality"/>
</testsuite> <!-- lcfFaces.A3_MDLD_attribute_locality -->
