<?xml version="1.0" encoding="UTF-8"?>
<!-- Generated by org.testng.reporters.JUnitReportReporter -->
<testsuite skipped="0" hostname="DESK-1989" name="a1_Listing_Page.A03_Feature_Block" tests="1" failures="0" timestamp="03 Jul 2017 05:32:43 GMT" time="19.062" errors="0">
  <testcase name="Feature_ProfileLink" time="19.062" classname="a1_Listing_Page.A03_Feature_Block"/>
</testsuite> <!-- a1_Listing_Page.A03_Feature_Block -->
