<?xml version="1.0" encoding="UTF-8"?>
<!-- Generated by org.testng.reporters.JUnitReportReporter -->
<testsuite skipped="0" hostname="DESK-1989" name="lcfFaces.B9_Internet_Providers_LCF" tests="1" failures="0" timestamp="19 Jul 2017 04:56:35 GMT" time="55.154" errors="0">
  <testcase name="Internet_Providers_LCF" time="55.154" classname="lcfFaces.B9_Internet_Providers_LCF"/>
</testsuite> <!-- lcfFaces.B9_Internet_Providers_LCF -->
