<?xml version="1.0" encoding="UTF-8"?>
<!-- Generated by org.testng.reporters.JUnitReportReporter -->
<testsuite skipped="0" hostname="DESK-1989" name="a2_Profile_Page.B4_RightBlock" tests="5" failures="0" timestamp="17 Jul 2017 08:40:33 GMT" time="47.743" errors="0">
  <testcase name="d1_SavetoPhone" time="9.523" classname="a2_Profile_Page.B4_RightBlock"/>
  <testcase name="d2_FreeProfileGetQuote" time="8.290" classname="a2_Profile_Page.B4_RightBlock"/>
  <testcase name="d3_TollfreeNo" time="10.053" classname="a2_Profile_Page.B4_RightBlock"/>
  <testcase name="d5_HelpFeedback" time="11.146" classname="a2_Profile_Page.B4_RightBlock"/>
  <testcase name="d6_BacktoTop" time="8.731" classname="a2_Profile_Page.B4_RightBlock"/>
</testsuite> <!-- a2_Profile_Page.B4_RightBlock -->
