<?xml version="1.0" encoding="UTF-8"?>
<!-- Generated by org.testng.reporters.JUnitReportReporter -->
<testsuite skipped="0" hostname="DESK-1989" name="a1_Listing_Page.A09_FindService" tests="5" failures="0" timestamp="17 Jul 2017 07:39:33 GMT" time="79.720" errors="0">
  <testcase name="i01_QuickLinks" time="6.376" classname="a1_Listing_Page.A09_FindService"/>
  <testcase name="i02_ByLocality" time="12.894" classname="a1_Listing_Page.A09_FindService"/>
  <testcase name="i03_ByCity" time="10.080" classname="a1_Listing_Page.A09_FindService"/>
  <testcase name="i04_ViewMoreCities" time="7.104" classname="a1_Listing_Page.A09_FindService"/>
  <testcase name="i05_RelatedServices" time="43.266" classname="a1_Listing_Page.A09_FindService"/>
</testsuite> <!-- a1_Listing_Page.A09_FindService -->
